Android/TUIKit/TUICore/tuicore/build/intermediates/manifest_merge_blame_file/debug/manifest-merger-blame-debug-report.txt
1<?xml version="1.0" encoding="utf-8"?>
2<manifest xmlns:android="http://schemas.android.com/apk/res/android"
3    package="com.tencent.qcloud.tuicore" >
4
5    <uses-sdk
6        android:minSdkVersion="19"
6-->src/main/AndroidManifest.xml
7        android:targetSdkVersion="30" />
7-->src/main/AndroidManifest.xml
8
9    <application>
9-->src/main/AndroidManifest.xml:4:5-27:19
10        <activity
10-->src/main/AndroidManifest.xml:5:9-10:75
11            android:name="com.tencent.qcloud.tuicore.permission.PermissionActivity"
11-->src/main/AndroidManifest.xml:6:13-84
12            android:configChanges="orientation|keyboardHidden|screenSize"
12-->src/main/AndroidManifest.xml:7:13-74
13            android:launchMode="singleTask"
13-->src/main/AndroidManifest.xml:8:13-44
14            android:theme="@style/CoreActivityTranslucent"
14-->src/main/AndroidManifest.xml:9:13-59
15            android:windowSoftInputMode="stateHidden|stateAlwaysHidden" />
15-->src/main/AndroidManifest.xml:10:13-72
16        <activity
16-->src/main/AndroidManifest.xml:12:9-18:75
17            android:name="com.tencent.qcloud.tuicore.util.PermissionRequester$PermissionActivity"
17-->src/main/AndroidManifest.xml:13:13-98
18            android:configChanges="orientation|keyboardHidden|screenSize"
18-->src/main/AndroidManifest.xml:14:13-74
19            android:launchMode="singleTask"
19-->src/main/AndroidManifest.xml:16:13-44
20            android:multiprocess="true"
20-->src/main/AndroidManifest.xml:15:13-40
21            android:theme="@style/CoreActivityTranslucent"
21-->src/main/AndroidManifest.xml:17:13-59
22            android:windowSoftInputMode="stateHidden|stateAlwaysHidden" />
22-->src/main/AndroidManifest.xml:18:13-72
23
24        <provider
24-->src/main/AndroidManifest.xml:20:9-25:39
25            android:name="com.tencent.qcloud.tuicore.ServiceInitializer"
25-->src/main/AndroidManifest.xml:21:13-73
26            android:authorities="${applicationId}.TUICore.Init"
26-->src/main/AndroidManifest.xml:22:13-64
27            android:enabled="true"
27-->src/main/AndroidManifest.xml:24:13-35
28            android:exported="false"
28-->src/main/AndroidManifest.xml:25:13-37
29            android:initOrder="99999" />
29-->src/main/AndroidManifest.xml:23:13-38
30    </application>
31
32</manifest>